# JRE version: OpenJDK Runtime Environment (8.0_242-b01) (build 1.8.0_242-release-1644-b01)
# Java VM: OpenJDK 64-Bit Server VM (25.242-b01 mixed mode windows-amd64 compressed oops)
Heap:
 PSYoungGen      total 161280K, used 16571K [0x00000000d5580000, 0x00000000e1900000, 0x0000000100000000)
  eden space 132608K, 0% used [0x00000000d5580000,0x00000000d5580000,0x00000000dd700000)
  from space 28672K, 57% used [0x00000000dfd00000,0x00000000e0d2edd8,0x00000000e1900000)
  to   space 33792K, 0% used [0x00000000dd700000,0x00000000dd700000,0x00000000df800000)
 ParOldGen       total 169984K, used 82183K [0x0000000080000000, 0x000000008a600000, 0x00000000d5580000)
  object space 169984K, 48% used [0x0000000080000000,0x0000000085041f80,0x000000008a600000)
 Metaspace       used 93015K, capacity 98206K, committed 98280K, reserved 1134592K
  class space    used 12258K, capacity 13368K, committed 13440K, reserved 1048576K
GC Heap History (10 events):
Event: 4761.937 GC heap after
Heap after GC invocations=19 (full 3):
 PSYoungGen      total 165888K, used 19445K [0x00000000d5580000, 0x00000000e2f00000, 0x0000000100000000)
  eden space 146432K, 0% used [0x00000000d5580000,0x00000000d5580000,0x00000000de480000)
  from space 19456K, 99% used [0x00000000e1c00000,0x00000000e2efd5c0,0x00000000e2f00000)
  to   space 24576K, 0% used [0x00000000dff00000,0x00000000dff00000,0x00000000e1700000)
 ParOldGen       total 169984K, used 41852K [0x0000000080000000, 0x000000008a600000, 0x00000000d5580000)
  object space 169984K, 24% used [0x0000000080000000,0x00000000828df048,0x000000008a600000)
 Metaspace       used 72354K, capacity 75906K, committed 75992K, reserved 1116160K
  class space    used 9580K, capacity 10221K, committed 10240K, reserved 1048576K
}
Event: 4764.476 GC heap before
{Heap before GC invocations=20 (full 3):
 PSYoungGen      total 165888K, used 165877K [0x00000000d5580000, 0x00000000e2f00000, 0x0000000100000000)
  eden space 146432K, 100% used [0x00000000d5580000,0x00000000de480000,0x00000000de480000)
  from space 19456K, 99% used [0x00000000e1c00000,0x00000000e2efd5c0,0x00000000e2f00000)
  to   space 24576K, 0% used [0x00000000dff00000,0x00000000dff00000,0x00000000e1700000)
 ParOldGen       total 169984K, used 41852K [0x0000000080000000, 0x000000008a600000, 0x00000000d5580000)
  object space 169984K, 24% used [0x0000000080000000,0x00000000828df048,0x000000008a600000)
 Metaspace       used 77465K, capacity 81396K, committed 81624K, reserved 1120256K
  class space    used 10266K, capacity 10987K, committed 11008K, reserved 1048576K
Event: 4764.523 GC heap after
Heap after GC invocations=20 (full 3):
 PSYoungGen      total 167424K, used 24547K [0x00000000d5580000, 0x00000000e1c80000, 0x0000000100000000)
  eden space 142848K, 0% used [0x00000000d5580000,0x00000000d5580000,0x00000000de100000)
  from space 24576K, 99% used [0x00000000dff00000,0x00000000e16f8dc0,0x00000000e1700000)
  to   space 5632K, 0% used [0x00000000e1700000,0x00000000e1700000,0x00000000e1c80000)
 ParOldGen       total 169984K, used 45339K [0x0000000080000000, 0x000000008a600000, 0x00000000d5580000)
  object space 169984K, 26% used [0x0000000080000000,0x0000000082c46c60,0x000000008a600000)
 Metaspace       used 77465K, capacity 81396K, committed 81624K, reserved 1120256K
  class space    used 10266K, capacity 10987K, committed 11008K, reserved 1048576K
}
Event: 4768.314 GC heap before
{Heap before GC invocations=21 (full 3):
 PSYoungGen      total 167424K, used 167395K [0x00000000d5580000, 0x00000000e1c80000, 0x0000000100000000)
  eden space 142848K, 100% used [0x00000000d5580000,0x00000000de100000,0x00000000de100000)
  from space 24576K, 99% used [0x00000000dff00000,0x00000000e16f8dc0,0x00000000e1700000)
  to   space 5632K, 0% used [0x00000000e1700000,0x00000000e1700000,0x00000000e1c80000)
 ParOldGen       total 169984K, used 45339K [0x0000000080000000, 0x000000008a600000, 0x00000000d5580000)
  object space 169984K, 26% used [0x0000000080000000,0x0000000082c46c60,0x000000008a600000)
 Metaspace       used 85210K, capacity 89312K, committed 89432K, reserved 1126400K
  class space    used 11263K, capacity 12047K, committed 12160K, reserved 1048576K
Event: 4768.356 GC heap after
Heap after GC invocations=21 (full 3):
 PSYoungGen      total 144896K, used 5616K [0x00000000d5580000, 0x00000000e2580000, 0x0000000100000000)
  eden space 139264K, 0% used [0x00000000d5580000,0x00000000d5580000,0x00000000ddd80000)
  from space 5632K, 99% used [0x00000000e1700000,0x00000000e1c7c020,0x00000000e1c80000)
  to   space 36864K, 0% used [0x00000000ddd80000,0x00000000ddd80000,0x00000000e0180000)
 ParOldGen       total 169984K, used 78462K [0x0000000080000000, 0x000000008a600000, 0x00000000d5580000)
  object space 169984K, 46% used [0x0000000080000000,0x0000000084c9f890,0x000000008a600000)
 Metaspace       used 85210K, capacity 89312K, committed 89432K, reserved 1126400K
  class space    used 11263K, capacity 12047K, committed 12160K, reserved 1048576K
}
Event: 5150.106 GC heap before
{Heap before GC invocations=22 (full 3):
 PSYoungGen      total 144896K, used 144880K [0x00000000d5580000, 0x00000000e2580000, 0x0000000100000000)
  eden space 139264K, 100% used [0x00000000d5580000,0x00000000ddd80000,0x00000000ddd80000)
  from space 5632K, 99% used [0x00000000e1700000,0x00000000e1c7c020,0x00000000e1c80000)
  to   space 36864K, 0% used [0x00000000ddd80000,0x00000000ddd80000,0x00000000e0180000)
 ParOldGen       total 169984K, used 78462K [0x0000000080000000, 0x000000008a600000, 0x00000000d5580000)
  object space 169984K, 46% used [0x0000000080000000,0x0000000084c9f890,0x000000008a600000)
 Metaspace       used 90467K, capacity 95378K, committed 95704K, reserved 1132544K
  class space    used 11962K, capacity 12962K, committed 13056K, reserved 1048576K
Event: 5150.134 GC heap after
Heap after GC invocations=22 (full 3):
 PSYoungGen      total 147968K, used 12009K [0x00000000d5580000, 0x00000000e2000000, 0x0000000100000000)
  eden space 135680K, 0% used [0x00000000d5580000,0x00000000d5580000,0x00000000dda00000)
  from space 12288K, 97% used [0x00000000ddd80000,0x00000000de93a6a8,0x00000000de980000)
  to   space 35840K, 0% used [0x00000000dfd00000,0x00000000dfd00000,0x00000000e2000000)
 ParOldGen       total 169984K, used 82175K [0x0000000080000000, 0x000000008a600000, 0x00000000d5580000)
  object space 169984K, 48% used [0x0000000080000000,0x000000008503ff80,0x000000008a600000)
 Metaspace       used 90467K, capacity 95378K, committed 95704K, reserved 1132544K
  class space    used 11962K, capacity 12962K, committed 13056K, reserved 1048576K
}
Event: 5153.170 GC heap before
{Heap before GC invocations=23 (full 3):
 PSYoungGen      total 147968K, used 110212K [0x00000000d5580000, 0x00000000e2000000, 0x0000000100000000)
  eden space 135680K, 72% used [0x00000000d5580000,0x00000000db566b88,0x00000000dda00000)
  from space 12288K, 97% used [0x00000000ddd80000,0x00000000de93a6a8,0x00000000de980000)
  to   space 35840K, 0% used [0x00000000dfd00000,0x00000000dfd00000,0x00000000e2000000)
 ParOldGen       total 169984K, used 82175K [0x0000000080000000, 0x000000008a600000, 0x00000000d5580000)
  object space 169984K, 48% used [0x0000000080000000,0x000000008503ff80,0x000000008a600000)
 Metaspace       used 93015K, capacity 98206K, committed 98280K, reserved 1134592K
  class space    used 12258K, capacity 13368K, committed 13440K, reserved 1048576K
Event: 5153.204 GC heap after
Heap after GC invocations=23 (full 3):
 PSYoungGen      total 161280K, used 16571K [0x00000000d5580000, 0x00000000e1900000, 0x0000000100000000)
  eden space 132608K, 0% used [0x00000000d5580000,0x00000000d5580000,0x00000000dd700000)
  from space 28672K, 57% used [0x00000000dfd00000,0x00000000e0d2edd8,0x00000000e1900000)
  to   space 33792K, 0% used [0x00000000dd700000,0x00000000dd700000,0x00000000df800000)
 ParOldGen       total 169984K, used 82183K [0x0000000080000000, 0x000000008a600000, 0x00000000d5580000)
  object space 169984K, 48% used [0x0000000080000000,0x0000000085041f80,0x000000008a600000)
 Metaspace       used 93015K, capacity 98206K, committed 98280K, reserved 1134592K
  class space    used 12258K, capacity 13368K, committed 13440K, reserved 1048576K
}
Event: 5153.204 GC heap before
{Heap before GC invocations=24 (full 4):
 PSYoungGen      total 161280K, used 16571K [0x00000000d5580000, 0x00000000e1900000, 0x0000000100000000)
  eden space 132608K, 0% used [0x00000000d5580000,0x00000000d5580000,0x00000000dd700000)
  from space 28672K, 57% used [0x00000000dfd00000,0x00000000e0d2edd8,0x00000000e1900000)
  to   space 33792K, 0% used [0x00000000dd700000,0x00000000dd700000,0x00000000df800000)
 ParOldGen       total 169984K, used 82183K [0x0000000080000000, 0x000000008a600000, 0x00000000d5580000)
  object space 169984K, 48% used [0x0000000080000000,0x0000000085041f80,0x000000008a600000)
 Metaspace       used 93015K, capacity 98206K, committed 98280K, reserved 1134592K
  class space    used 12258K, capacity 13368K, committed 13440K, reserved 1048576K

